[22:40:04] [Client thread/INFO]: Setting user: Player136
[22:40:15] [Client thread/INFO]: LWJGL Version: 2.9.4
[22:40:26] [Client thread/INFO]: Reloading ResourceManager: Default, FMLFileResourcePack:Forge Mod Loader, FMLFileResourcePack:Minecraft Forge, FMLFileResourcePack:demjr
[22:40:39] [Sound Library Loader/INFO]: Starting up SoundSystem...
[22:40:39] [Thread-8/INFO]: Initializing LWJGL OpenAL
[22:40:39] [Thread-8/INFO]: (The LWJGL binding of OpenAL.  For more information, see http://www.lwjgl.org)
[22:40:39] [Thread-8/INFO]: OpenAL initialized.
[22:40:39] [Sound Library Loader/INFO]: Sound engine started
[22:40:55] [Client thread/INFO]: Created: 16x16 textures-atlas
[22:40:58] [Client thread/INFO]: Reloading ResourceManager: Default, FMLFileResourcePack:Forge Mod Loader, FMLFileResourcePack:Minecraft Forge, FMLFileResourcePack:demjr
[22:41:10] [Client thread/INFO]: SoundSystem shutting down...
[22:41:10] [Client thread/WARN]: Author: Paul Lamb, www.paulscode.com
[22:41:10] [Sound Library Loader/INFO]: Starting up SoundSystem...
[22:41:10] [Thread-10/INFO]: Initializing LWJGL OpenAL
[22:41:10] [Thread-10/INFO]: (The LWJGL binding of OpenAL.  For more information, see http://www.lwjgl.org)
[22:41:10] [Thread-10/INFO]: OpenAL initialized.
[22:41:11] [Sound Library Loader/INFO]: Sound engine started
[22:41:28] [Client thread/INFO]: Created: 1024x512 textures-atlas
[22:41:56] [Server thread/INFO]: Starting integrated minecraft server version 1.9.4
[22:41:56] [Server thread/INFO]: Generating keypair
[22:41:59] [Server thread/INFO]: Preparing start region for level 0
[22:42:00] [Server thread/INFO]: Preparing spawn area: 0%
[22:42:02] [Server thread/INFO]: Preparing spawn area: 24%
[22:42:03] [Server thread/INFO]: Preparing spawn area: 58%
[22:42:04] [Server thread/INFO]: Changing view distance to 12, from 10
[22:42:08] [Server thread/INFO]: Player136[local:E:fcbb2039] logged in with entity id 218 at (-168.4428879646492, 82.0, 166.0253294204862)
[22:42:08] [Server thread/INFO]: Player136 joined the game
[22:42:10] [Server thread/INFO]: Saving and pausing game...
[22:42:10] [Server thread/INFO]: Saving chunks for level 'TestWorld'/Overworld
[22:42:11] [Server thread/INFO]: Saving chunks for level 'TestWorld'/Nether
[22:42:11] [Server thread/INFO]: Saving chunks for level 'TestWorld'/The End
[22:42:11] [Server thread/INFO]: Saving and pausing game...
[22:42:11] [Server thread/INFO]: Saving chunks for level 'TestWorld'/Overworld
[22:42:12] [pool-2-thread-1/WARN]: Couldn't look up profile properties for com.mojang.authlib.GameProfile@51de15c9[id=f4642d2b-29f9-34b7-8b90-e6570e856434,name=Player136,properties={},legacy=false]
com.mojang.authlib.exceptions.AuthenticationException: The client has sent too many requests within a certain amount of time
	at com.mojang.authlib.yggdrasil.YggdrasilAuthenticationService.makeRequest(YggdrasilAuthenticationService.java:65) ~[YggdrasilAuthenticationService.class:?]
	at com.mojang.authlib.yggdrasil.YggdrasilMinecraftSessionService.fillGameProfile(YggdrasilMinecraftSessionService.java:175) [YggdrasilMinecraftSessionService.class:?]
	at com.mojang.authlib.yggdrasil.YggdrasilMinecraftSessionService$1.load(YggdrasilMinecraftSessionService.java:59) [YggdrasilMinecraftSessionService$1.class:?]
	at com.mojang.authlib.yggdrasil.YggdrasilMinecraftSessionService$1.load(YggdrasilMinecraftSessionService.java:56) [YggdrasilMinecraftSessionService$1.class:?]
	at com.google.common.cache.LocalCache$LoadingValueReference.loadFuture(LocalCache.java:3524) [guava-17.0.jar:?]
	at com.google.common.cache.LocalCache$Segment.loadSync(LocalCache.java:2317) [guava-17.0.jar:?]
	at com.google.common.cache.LocalCache$Segment.lockedGetOrLoad(LocalCache.java:2280) [guava-17.0.jar:?]
	at com.google.common.cache.LocalCache$Segment.get(LocalCache.java:2195) [guava-17.0.jar:?]
	at com.google.common.cache.LocalCache.get(LocalCache.java:3934) [guava-17.0.jar:?]
	at com.google.common.cache.LocalCache.getOrLoad(LocalCache.java:3938) [guava-17.0.jar:?]
	at com.google.common.cache.LocalCache$LocalLoadingCache.get(LocalCache.java:4821) [guava-17.0.jar:?]
	at com.google.common.cache.LocalCache$LocalLoadingCache.getUnchecked(LocalCache.java:4827) [guava-17.0.jar:?]
	at com.mojang.authlib.yggdrasil.YggdrasilMinecraftSessionService.fillProfileProperties(YggdrasilMinecraftSessionService.java:165) [YggdrasilMinecraftSessionService.class:?]
	at net.minecraft.client.Minecraft.getProfileProperties(Minecraft.java:3043) [Minecraft.class:?]
	at net.minecraft.client.resources.SkinManager$3.run(SkinManager.java:131) [SkinManager$3.class:?]
	at java.util.concurrent.Executors$RunnableAdapter.call(Unknown Source) [?:1.8.0_111]
	at java.util.concurrent.FutureTask.run(Unknown Source) [?:1.8.0_111]
	at java.util.concurrent.ThreadPoolExecutor.runWorker(Unknown Source) [?:1.8.0_111]
	at java.util.concurrent.ThreadPoolExecutor$Worker.run(Unknown Source) [?:1.8.0_111]
	at java.lang.Thread.run(Unknown Source) [?:1.8.0_111]
[22:42:12] [Server thread/INFO]: Saving chunks for level 'TestWorld'/Nether
[22:42:12] [Server thread/INFO]: Saving chunks for level 'TestWorld'/The End
[22:42:12] [Server thread/WARN]: Can't keep up! Did the system time change, or is the server overloaded? Running 4141ms behind, skipping 82 tick(s)
[22:42:39] [Server thread/WARN]: Can't keep up! Did the system time change, or is the server overloaded? Running 2266ms behind, skipping 45 tick(s)
[22:43:04] [Server thread/INFO]: Saving and pausing game...
[22:43:04] [Server thread/INFO]: Saving chunks for level 'TestWorld'/Overworld
[22:43:05] [Server thread/INFO]: Saving chunks for level 'TestWorld'/Nether
[22:43:05] [Server thread/INFO]: Saving chunks for level 'TestWorld'/The End
[22:43:58] [Server thread/INFO]: Saving and pausing game...
[22:43:58] [Server thread/INFO]: Saving chunks for level 'TestWorld'/Overworld
[22:43:59] [Server thread/INFO]: Saving chunks for level 'TestWorld'/Nether
[22:43:59] [Server thread/INFO]: Saving chunks for level 'TestWorld'/The End
[22:43:59] [Server thread/INFO]: Stopping server
[22:43:59] [Server thread/INFO]: Saving players
[22:43:59] [Server thread/INFO]: Saving worlds
[22:43:59] [Server thread/INFO]: Saving chunks for level 'TestWorld'/Overworld
[22:43:59] [Server thread/INFO]: Saving chunks for level 'TestWorld'/Nether
[22:43:59] [Server thread/INFO]: Saving chunks for level 'TestWorld'/The End
[22:44:01] [Client thread/INFO]: Stopping!
[22:44:01] [Client thread/INFO]: SoundSystem shutting down...
[22:44:02] [Client thread/WARN]: Author: Paul Lamb, www.paulscode.com
